<?xml version="1.0" encoding="UTF-8"?>
<!-- Generated by org.testng.reporters.JUnitXMLReporter -->
<testsuite hostname="LAPTOP-O49DF7TP" ignored="0" name="TestSelenium" tests="10" failures="0" timestamp="10 May 2018 14:24:48 GMT" time="58.952" errors="0">
  <testcase name="@BeforeMethod beforeMethod" time="0.002" classname="TestNGDemo.MouseHoverTest">
    <failure type="java.lang.NullPointerException">
      <![CDATA[java.lang.NullPointerExceptionat TestNGDemo.MouseHoverTest.beforeMethod(MouseHoverTest.java:20)... Removed 31 stack frames]]>
    </failure>
  </testcase> <!-- @BeforeMethod beforeMethod -->
  <testcase name="@AfterMethod afterMethod" time="0.0" classname="TestNGDemo.MouseHoverTest">
    <skipped/>
  </testcase> <!-- @AfterMethod afterMethod -->
  <testcase name="@BeforeMethod beforeMethod" time="3.0" classname="TestNGDemo.AddProduct">
    <failure type="java.lang.NullPointerException">
      <![CDATA[java.lang.NullPointerExceptionat TestNGDemo.AddProduct.beforeMethod(AddProduct.java:77)... Removed 31 stack frames]]>
    </failure>
  </testcase> <!-- @BeforeMethod beforeMethod -->
  <testcase name="@AfterMethod afterMethod" time="0.0" classname="TestNGDemo.AddProduct">
    <skipped/>
  </testcase> <!-- @AfterMethod afterMethod -->
  <testcase name="@BeforeClass beforeClass" time="0.0" classname="TestNGDemo.LoginTest">
    <failure type="java.lang.NullPointerException">
      <![CDATA[java.lang.NullPointerExceptionat TestNGDemo.LoginTest.beforeClass(LoginTest.java:19)... Removed 29 stack frames]]>
    </failure>
  </testcase> <!-- @BeforeClass beforeClass -->
  <testcase name="@BeforeMethod beforeMethod" time="0.0" classname="TestNGDemo.AddProduct">
    <skipped/>
  </testcase> <!-- @BeforeMethod beforeMethod -->
  <testcase name="@AfterMethod afterMethod" time="0.0" classname="TestNGDemo.AddProduct">
    <skipped/>
  </testcase> <!-- @AfterMethod afterMethod -->
  <testcase name="@AfterClass afterClass" time="0.0" classname="TestNGDemo.LoginTest">
    <skipped/>
  </testcase> <!-- @AfterClass afterClass -->
  <testcase name="switchFrame" time="9.204" classname="TestNGDemo.iFrameDemoTestNG"/>
  <testcase name="accessories" time="0.0" classname="TestNGDemo.MouseHoverTest">
    <skipped/>
  </testcase> <!-- accessories -->
  <testcase name="RegisterLink" time="4.108" classname="TestNGDemo.ClickLinksDemo"/>
  <testcase name="signIn" time="1.84" classname="TestNGDemo.LoginSignOn"/>
  <testcase name="addiPhone" time="0.0" classname="TestNGDemo.AddProduct">
    <skipped/>
  </testcase> <!-- addiPhone -->
  <testcase name="SupportLink" time="4.076" classname="TestNGDemo.ClickLinksDemo"/>
  <testcase name="Login1" time="0.0" classname="TestNGDemo.LoginTest">
    <skipped/>
  </testcase> <!-- Login1 -->
  <testcase name="removeiPhone" time="0.0" classname="TestNGDemo.AddProduct">
    <skipped/>
  </testcase> <!-- removeiPhone -->
  <testcase name="ContactLink" time="4.093" classname="TestNGDemo.ClickLinksDemo"/>
  <testcase name="Login2" time="0.0" classname="TestNGDemo.LoginTest">
    <skipped/>
  </testcase> <!-- Login2 -->
</testsuite> <!-- TestSelenium -->
