<?xml version="1.0" encoding="UTF-8"?>
<testsuite name="TestSuite" time="49.514" tests="18" errors="0" skipped="10" failures="3">
  <properties>
[...]
</properties>
  <testcase name="switchFrame" classname="TestNGDemo.iFrameDemoTestNG" time="9.206"/>
  <testcase name="beforeMethod" classname="TestNGDemo.MouseHoverTest" time="15.656">
    <failure type="java.lang.NullPointerException:">java.lang.NullPointerException: null
	at TestNGDemo.MouseHoverTest.beforeMethod(MouseHoverTest.java:20)
</failure>
  </testcase>
  <testcase name="accessories" classname="TestNGDemo.MouseHoverTest" time="0">
    <skipped/>
  </testcase>
  <testcase name="afterMethod" classname="TestNGDemo.MouseHoverTest" time="0">
    <skipped/>
  </testcase>
  <testcase name="RegisterLink" classname="TestNGDemo.ClickLinksDemo" time="4.106"/>
  <testcase name="signIn" classname="TestNGDemo.LoginSignOn" time="1.84"/>
  <testcase name="beforeMethod" classname="TestNGDemo.AddProduct" time="5.754">
    <failure type="java.lang.NullPointerException:">java.lang.NullPointerException: null
	at TestNGDemo.AddProduct.beforeMethod(AddProduct.java:77)
</failure>
  </testcase>
  <testcase name="addiPhone" classname="TestNGDemo.AddProduct" time="0">
    <skipped/>
  </testcase>
  <testcase name="afterMethod" classname="TestNGDemo.AddProduct" time="0">
    <skipped/>
  </testcase>
  <testcase name="SupportLink" classname="TestNGDemo.ClickLinksDemo" time="4.076"/>
  <testcase name="beforeClass" classname="TestNGDemo.LoginTest" time="4.782">
    <failure type="java.lang.NullPointerException:">java.lang.NullPointerException: null
	at TestNGDemo.LoginTest.beforeClass(LoginTest.java:19)
</failure>
  </testcase>
  <testcase name="Login1" classname="TestNGDemo.LoginTest" time="0">
    <skipped/>
  </testcase>
  <testcase name="beforeMethod" classname="TestNGDemo.AddProduct" time="0">
    <skipped/>
  </testcase>
  <testcase name="removeiPhone" classname="TestNGDemo.AddProduct" time="0">
    <skipped/>
  </testcase>
  <testcase name="afterMethod" classname="TestNGDemo.AddProduct" time="0">
    <skipped/>
  </testcase>
  <testcase name="ContactLink" classname="TestNGDemo.ClickLinksDemo" time="4.094"/>
  <testcase name="Login2" classname="TestNGDemo.LoginTest" time="0">
    <skipped/>
  </testcase>
  <testcase name="afterClass" classname="TestNGDemo.LoginTest" time="0">
    <skipped/>
  </testcase>
</testsuite>